<?xml version="1.0" encoding="UTF-8"?>
<!-- Generated by org.testng.reporters.JUnitXMLReporter -->
<testsuite ignored="0" hostname="IN-D79K1N3" failures="1" tests="5" name="Test" time="45.577" errors="0" timestamp="2023-01-10T14:29:07 IST">
  <testcase classname="com.flipkart.BasePage.BasePage" name="@AfterMethod tearDown" time="0.031">
    <failure type="org.openqa.selenium.NoSuchWindowException" message="no such window: target window already closed
from unknown error: web view not found
  (Session info: chrome=108.0.5359.125)
Build info: version: &amp;apos;4.4.0&amp;apos;, revision: &amp;apos;e5c75ed026a&amp;apos;
System info: host: &amp;apos;IN-D79K1N3&amp;apos;, ip: &amp;apos;192.168.111.143&amp;apos;, os.name: &amp;apos;Windows 10&amp;apos;, os.arch: &amp;apos;amd64&amp;apos;, os.version: &amp;apos;10.0&amp;apos;, java.version: &amp;apos;11.0.1&amp;apos;
Driver info: org.openqa.selenium.chrome.ChromeDriver
Command: [56b41b99e23292e6cb1d5105d931e603, screenshot {}]
Capabilities {acceptInsecureCerts: false, browserName: chrome, browserVersion: 108.0.5359.125, chrome: {chromedriverVersion: 108.0.5359.71 (1e0e3868ee06..., userDataDir: C:\Users\VIKASH~1\AppData\L...}, goog:chromeOptions: {debuggerAddress: localhost:57504}, networkConnectionEnabled: false, pageLoadStrategy: normal, platformName: WINDOWS, proxy: Proxy(), se:cdp: ws://localhost:57504/devtoo..., se:cdpVersion: 108.0.5359.125, setWindowRect: true, strictFileInteractability: false, timeouts: {implicit: 0, pageLoad: 300000, script: 30000}, unhandledPromptBehavior: dismiss and notify, webauthn:extension:credBlob: true, webauthn:extension:largeBlob: true, webauthn:virtualAuthenticators: true}
Session ID: 56b41b99e23292e6cb1d5105d931e603">
      <![CDATA[org.openqa.selenium.NoSuchWindowException: no such window: target window already closed
from unknown error: web view not found
  (Session info: chrome=108.0.5359.125)
Build info: version: '4.4.0', revision: 'e5c75ed026a'
System info: host: 'IN-D79K1N3', ip: '192.168.111.143', os.name: 'Windows 10', os.arch: 'amd64', os.version: '10.0', java.version: '11.0.1'
Driver info: org.openqa.selenium.chrome.ChromeDriver
Command: [56b41b99e23292e6cb1d5105d931e603, screenshot {}]
Capabilities {acceptInsecureCerts: false, browserName: chrome, browserVersion: 108.0.5359.125, chrome: {chromedriverVersion: 108.0.5359.71 (1e0e3868ee06..., userDataDir: C:\Users\VIKASH~1\AppData\L...}, goog:chromeOptions: {debuggerAddress: localhost:57504}, networkConnectionEnabled: false, pageLoadStrategy: normal, platformName: WINDOWS, proxy: Proxy(), se:cdp: ws://localhost:57504/devtoo..., se:cdpVersion: 108.0.5359.125, setWindowRect: true, strictFileInteractability: false, timeouts: {implicit: 0, pageLoad: 300000, script: 30000}, unhandledPromptBehavior: dismiss and notify, webauthn:extension:credBlob: true, webauthn:extension:largeBlob: true, webauthn:virtualAuthenticators: true}
Session ID: 56b41b99e23292e6cb1d5105d931e603
at org.openqa.selenium.remote.codec.w3c.W3CHttpResponseCodec.createException(W3CHttpResponseCodec.java:200)
at org.openqa.selenium.remote.codec.w3c.W3CHttpResponseCodec.decode(W3CHttpResponseCodec.java:133)
at org.openqa.selenium.remote.codec.w3c.W3CHttpResponseCodec.decode(W3CHttpResponseCodec.java:53)
at org.openqa.selenium.remote.HttpCommandExecutor.execute(HttpCommandExecutor.java:184)
at org.openqa.selenium.remote.service.DriverCommandExecutor.invokeExecute(DriverCommandExecutor.java:167)
at org.openqa.selenium.remote.service.DriverCommandExecutor.execute(DriverCommandExecutor.java:142)
at org.openqa.selenium.remote.RemoteWebDriver.execute(RemoteWebDriver.java:547)
at org.openqa.selenium.remote.RemoteWebDriver.execute(RemoteWebDriver.java:602)
at org.openqa.selenium.remote.RemoteWebDriver.execute(RemoteWebDriver.java:606)
at org.openqa.selenium.remote.RemoteWebDriver.getScreenshotAs(RemoteWebDriver.java:331)
at com.flipkart.Utilities.ScreenShots.takeScreenShot(ScreenShots.java:17)
at com.flipkart.BasePage.BasePage.tearDown(BasePage.java:109)
at java.base/java.util.ArrayList.forEach(ArrayList.java:1540)
... Removed 40 stack frames]]>
    </failure>
  </testcase> <!-- @AfterMethod tearDown -->
  <testcase classname="com.flipkart.BasePage.BasePage" name="@BeforeMethod setup" time="0.0">
    <skipped/>
  </testcase> <!-- @BeforeMethod setup -->
  <testcase classname="com.flipkart.BasePage.BasePage" name="@AfterMethod tearDown" time="0.0">
    <skipped/>
  </testcase> <!-- @AfterMethod tearDown -->
  <testcase classname="com.flipkart.BasePage.BasePage" name="@BeforeMethod setup" time="0.0">
    <skipped/>
  </testcase> <!-- @BeforeMethod setup -->
  <testcase classname="com.flipkart.BasePage.BasePage" name="@AfterMethod tearDown" time="0.0">
    <skipped/>
  </testcase> <!-- @AfterMethod tearDown -->
  <testcase classname="com.flipkart.BasePage.BasePage" name="@BeforeMethod setup" time="0.0">
    <skipped/>
  </testcase> <!-- @BeforeMethod setup -->
  <testcase classname="com.flipkart.BasePage.BasePage" name="@AfterMethod tearDown" time="0.0">
    <skipped/>
  </testcase> <!-- @AfterMethod tearDown -->
  <testcase classname="com.flipkart.BasePage.BasePage" name="@BeforeMethod setup" time="0.0">
    <skipped/>
  </testcase> <!-- @BeforeMethod setup -->
  <testcase classname="com.flipkart.BasePage.BasePage" name="@AfterMethod tearDown" time="0.0">
    <skipped/>
  </testcase> <!-- @AfterMethod tearDown -->
  <testcase classname="com.flipkart.testCases.AboutUsPage" name="ValidateContactUs" time="0.081">
    <failure type="java.lang.NoClassDefFoundError" message="com/flipkart/Pages/LoginAlertDialogBox">
      <![CDATA[java.lang.NoClassDefFoundError: com/flipkart/Pages/LoginAlertDialogBox
at com.flipkart.testCases.AboutUsPage.ValidateContactUs(AboutUsPage.java:26)
at java.base/java.util.ArrayList.forEach(ArrayList.java:1540)
Caused by: java.lang.ClassNotFoundException: com.flipkart.Pages.LoginAlertDialogBox
at java.base/jdk.internal.loader.BuiltinClassLoader.loadClass(BuiltinClassLoader.java:583)
at java.base/jdk.internal.loader.ClassLoaders$AppClassLoader.loadClass(ClassLoaders.java:178)
at java.base/java.lang.ClassLoader.loadClass(ClassLoader.java:521)
... 33 more
... Removed 31 stack frames]]>
    </failure>
  </testcase> <!-- ValidateContactUs -->
  <testcase classname="com.flipkart.testCases.AboutUsPage" name="ValidateAboutUs" time="0.0">
    <skipped/>
  </testcase> <!-- ValidateAboutUs -->
  <testcase classname="com.flipkart.testCases.AboutUsPage" name="ValidateCarrers" time="0.001">
    <skipped/>
  </testcase> <!-- ValidateCarrers -->
  <testcase classname="com.flipkart.testCases.AboutUsPage" name="ValidateFlipkartStories" time="0.0">
    <skipped/>
  </testcase> <!-- ValidateFlipkartStories -->
  <testcase classname="com.flipkart.testCases.AboutUsPage" name="ValidateCorporateInformation" time="0.0">
    <skipped/>
  </testcase> <!-- ValidateCorporateInformation -->
</testsuite> <!-- Test -->
